<?xml version="1.0" encoding="UTF-8"?>
<!-- Generated by org.testng.reporters.JUnitReportReporter -->
<testsuite hostname="LAPTOP-9L8BAH3O" failures="0" tests="1" name="com.simplilearn.AppiumDemo.ContextSwitchingDemo" time="13.363" errors="0" timestamp="2023-02-03T21:22:58 IST" skipped="0">
  <testcase classname="com.simplilearn.AppiumDemo.ContextSwitchingDemo" name="addShortcutToHomeScreen" time="13.363"/>
  <system-out/>
</testsuite> <!-- com.simplilearn.AppiumDemo.ContextSwitchingDemo -->
