<?xml version="1.0" encoding="UTF-8"?>
<!-- Generated by org.testng.reporters.JUnitReportReporter -->
<testsuite hostname="LAPTOP-9L8BAH3O" failures="0" tests="1" name="com.simplilearn.AppiumDemo.SwipeDemo" time="4.007" errors="0" timestamp="2023-02-04T01:17:22 IST" skipped="0">
  <testcase classname="com.simplilearn.AppiumDemo.SwipeDemo" name="SwipeFromLeftToright" time="4.007"/>
  <system-out/>
</testsuite> <!-- com.simplilearn.AppiumDemo.SwipeDemo -->
