<?xml version="1.0" encoding="UTF-8"?>
<!-- Generated by org.testng.reporters.JUnitReportReporter -->
<testsuite hostname="LAPTOP-9L8BAH3O" failures="0" tests="1" name="com.simplilearn.AppiumDemo.ZoomOut" time="16.594" errors="0" timestamp="2023-02-05T00:11:29 IST" skipped="0">
  <testcase classname="com.simplilearn.AppiumDemo.ZoomOut" name="ZoomOutAction" time="16.594"/>
  <system-out/>
</testsuite> <!-- com.simplilearn.AppiumDemo.ZoomOut -->
