<?xml version="1.0" encoding="UTF-8"?>
<!-- Generated by org.testng.reporters.JUnitReportReporter -->
<testsuite hostname="LAPTOP-9L8BAH3O" failures="0" tests="3" name="com.simplilearn.AppiumDemo.Calculator" time="8.313" errors="0" timestamp="2023-01-31T00:13:47 IST" skipped="0">
  <testcase classname="com.simplilearn.AppiumDemo.Calculator" name="VerifyAdditionProcess" time="4.407"/>
  <system-out/>
  <testcase classname="com.simplilearn.AppiumDemo.Calculator" name="VerifyDelButtonIsPresent" time="0.043"/>
  <system-out/>
  <testcase classname="com.simplilearn.AppiumDemo.Calculator" name="VerifyMultipicationProcess" time="3.863"/>
  <system-out/>
</testsuite> <!-- com.simplilearn.AppiumDemo.Calculator -->
