<?xml version="1.0" encoding="UTF-8"?>
<!-- Generated by org.testng.reporters.JUnitReportReporter -->
<testsuite hostname="LAPTOP-9L8BAH3O" failures="0" tests="1" name="com.simplilearn.AppiumDemo.SpinnerDemo" time="14.330" errors="0" timestamp="2023-02-04T00:27:37 IST" skipped="0">
  <testcase classname="com.simplilearn.AppiumDemo.SpinnerDemo" name="SelectColorAndDateFromSpinner" time="14.330"/>
  <system-out/>
</testsuite> <!-- com.simplilearn.AppiumDemo.SpinnerDemo -->
